<?xml version="1.0" encoding="UTF-8"?>
<testng-results ignored="0" total="3" passed="3" failed="0" skipped="0">
  <reporter-output>
  </reporter-output>
  <suite started-at="2022-07-30T17:02:58 IST" name="Suite" finished-at="2022-07-30T17:03:30 IST" duration-ms="31599">
    <groups>
    </groups>
    <test started-at="2022-07-30T17:02:58 IST" name="Test" finished-at="2022-07-30T17:03:30 IST" duration-ms="31599">
      <class name="scripts.TestCase1">
        <test-method is-config="true" signature="openApp()[pri:0, instance:scripts.TestCase1@636be97c]" started-at="2022-07-30T17:02:58 IST" name="openApp" finished-at="2022-07-30T17:03:03 IST" duration-ms="4696" status="PASS">
          <reporter-output>
          </reporter-output>
        </test-method> <!-- openApp -->
        <test-method signature="tc1()[pri:0, instance:scripts.TestCase1@636be97c]" started-at="2022-07-30T17:03:03 IST" name="tc1" finished-at="2022-07-30T17:03:06 IST" duration-ms="2788" status="PASS">
          <reporter-output>
          </reporter-output>
        </test-method> <!-- tc1 -->
        <test-method is-config="true" signature="closeApp(org.testng.ITestResult)[pri:0, instance:scripts.TestCase1@636be97c]" started-at="2022-07-30T17:03:06 IST" name="closeApp" finished-at="2022-07-30T17:03:06 IST" duration-ms="189" status="PASS">
          <params>
            <param index="0">
              <value>
                <![CDATA[[TestResult name=tc1 status=SUCCESS method=TestCase1.tc1()[pri:0, instance:scripts.TestCase1@636be97c] output={null}]]]>
              </value>
            </param>
          </params>
          <reporter-output>
          </reporter-output>
        </test-method> <!-- closeApp -->
      </class> <!-- scripts.TestCase1 -->
      <class name="scripts.TestCase2">
        <test-method is-config="true" signature="openApp()[pri:0, instance:scripts.TestCase2@1dde4cb2]" started-at="2022-07-30T17:03:06 IST" name="openApp" finished-at="2022-07-30T17:03:07 IST" duration-ms="1469" status="PASS">
          <reporter-output>
          </reporter-output>
        </test-method> <!-- openApp -->
        <test-method signature="tc2()[pri:0, instance:scripts.TestCase2@1dde4cb2]" started-at="2022-07-30T17:03:07 IST" name="tc2" finished-at="2022-07-30T17:03:12 IST" duration-ms="4335" status="PASS">
          <reporter-output>
          </reporter-output>
        </test-method> <!-- tc2 -->
        <test-method is-config="true" signature="closeApp(org.testng.ITestResult)[pri:0, instance:scripts.TestCase2@1dde4cb2]" started-at="2022-07-30T17:03:12 IST" name="closeApp" finished-at="2022-07-30T17:03:12 IST" duration-ms="197" status="PASS">
          <params>
            <param index="0">
              <value>
                <![CDATA[[TestResult name=tc2 status=SUCCESS method=TestCase2.tc2()[pri:0, instance:scripts.TestCase2@1dde4cb2] output={null}]]]>
              </value>
            </param>
          </params>
          <reporter-output>
          </reporter-output>
        </test-method> <!-- closeApp -->
      </class> <!-- scripts.TestCase2 -->
      <class name="scripts.TestCase3">
        <test-method is-config="true" signature="openApp()[pri:0, instance:scripts.TestCase3@7714e963]" started-at="2022-07-30T17:03:12 IST" name="openApp" finished-at="2022-07-30T17:03:13 IST" duration-ms="1520" status="PASS">
          <reporter-output>
          </reporter-output>
        </test-method> <!-- openApp -->
        <test-method signature="tc3()[pri:0, instance:scripts.TestCase3@7714e963]" started-at="2022-07-30T17:03:13 IST" name="tc3" finished-at="2022-07-30T17:03:29 IST" duration-ms="16135" status="PASS">
          <reporter-output>
          </reporter-output>
        </test-method> <!-- tc3 -->
        <test-method is-config="true" signature="closeApp(org.testng.ITestResult)[pri:0, instance:scripts.TestCase3@7714e963]" started-at="2022-07-30T17:03:29 IST" name="closeApp" finished-at="2022-07-30T17:03:30 IST" duration-ms="217" status="PASS">
          <params>
            <param index="0">
              <value>
                <![CDATA[[TestResult name=tc3 status=SUCCESS method=TestCase3.tc3()[pri:0, instance:scripts.TestCase3@7714e963] output={null}]]]>
              </value>
            </param>
          </params>
          <reporter-output>
          </reporter-output>
        </test-method> <!-- closeApp -->
      </class> <!-- scripts.TestCase3 -->
    </test> <!-- Test -->
  </suite> <!-- Suite -->
</testng-results>
